<?xml version="1.0" encoding="UTF-8"?>
<!-- Generated by org.testng.reporters.JUnitReportReporter -->
<testsuite hostname="LAPTOP-30VU9GJ9" failures="0" tests="2" name="testcase.Auto" time="0.008" errors="0" timestamp="2023-06-25T11:53:51 IST" skipped="0">
  <testcase classname="testcase.Auto" name="test1" time="0.007"/>
  <system-out/>
  <testcase classname="testcase.Auto" name="test2" time="0.001"/>
  <system-out/>
</testsuite> <!-- testcase.Auto -->
