<?xml version="1.0" encoding="UTF-8"?>
<!-- Generated by org.testng.reporters.JUnitReportReporter -->
<testsuite hostname="LAPTOP-30VU9GJ9" failures="0" tests="1" name="testcase.Auto" time="0.011" errors="0" timestamp="2023-06-24T13:05:04 IST" skipped="0">
  <testcase classname="testcase.Auto" name="test1" time="0.011"/>
  <system-out/>
</testsuite> <!-- testcase.Auto -->
